[2020-04-10 13:02:31] local.ERROR: SQLSTATE[42S01]: Base table or view already exists: 1050 Table 'translator_main_menus' already exists (SQL: create table `translator_main_menus` (`id` bigint unsigned not null auto_increment primary key, `TranslatorMainMenu` varchar(255) not null, `TranslatorMainMenuIcon` varchar(255) null, `created_at` timestamp null, `updated_at` timestamp null) default character set utf8mb4 collate 'utf8mb4_unicode_ci') {"exception":"[object] (Illuminate\\Database\\QueryException(code: 42S01): SQLSTATE[42S01]: Base table or view already exists: 1050 Table 'translator_main_menus' already exists (SQL: create table `translator_main_menus` (`id` bigint unsigned not null auto_increment primary key, `TranslatorMainMenu` varchar(255) not null, `TranslatorMainMenuIcon` varchar(255) null, `created_at` timestamp null, `updated_at` timestamp null) default character set utf8mb4 collate 'utf8mb4_unicode_ci') at D:\\Projects\\vazhenegar\\Main Project\\vendor\\laravel\\framework\\src\\Illuminate\\Database\\Connection.php:665)
[stacktrace]
#0 D:\\Projects\\vazhenegar\\Main Project\\vendor\\laravel\\framework\\src\\Illuminate\\Database\\Connection.php(625): Illuminate\\Database\\Connection->runQueryCallback('create table `t...', Array, Object(Closure))
#1 D:\\Projects\\vazhenegar\\Main Project\\vendor\\laravel\\framework\\src\\Illuminate\\Database\\Connection.php(460): Illuminate\\Database\\Connection->run('create table `t...', Array, Object(Closure))
#2 D:\\Projects\\vazhenegar\\Main Project\\vendor\\laravel\\framework\\src\\Illuminate\\Database\\Schema\\Blueprint.php(97): Illuminate\\Database\\Connection->statement('create table `t...')
#3 D:\\Projects\\vazhenegar\\Main Project\\vendor\\laravel\\framework\\src\\Illuminate\\Database\\Schema\\Builder.php(290): Illuminate\\Database\\Schema\\Blueprint->build(Object(Illuminate\\Database\\MySqlConnection), Object(Illuminate\\Database\\Schema\\Grammars\\MySqlGrammar))
#4 D:\\Projects\\vazhenegar\\Main Project\\vendor\\laravel\\framework\\src\\Illuminate\\Database\\Schema\\Builder.php(167): Illuminate\\Database\\Schema\\Builder->build(Object(Illuminate\\Database\\Schema\\Blueprint))
#5 D:\\Projects\\vazhenegar\\Main Project\\vendor\\laravel\\framework\\src\\Illuminate\\Support\\Facades\\Facade.php(239): Illuminate\\Database\\Schema\\Builder->create('translator_main...', Object(Closure))
#6 D:\\Projects\\vazhenegar\\Main Project\\database\\migrations\\2020_04_05_124733_create__translator__main__menus__table.php(21): Illuminate\\Support\\Facades\\Facade::__callStatic('create', Array)
#7 D:\\Projects\\vazhenegar\\Main Project\\vendor\\laravel\\framework\\src\\Illuminate\\Database\\Migrations\\Migrator.php(387): CreateTranslatorMainMenusTable->up()
#8 D:\\Projects\\vazhenegar\\Main Project\\vendor\\laravel\\framework\\src\\Illuminate\\Database\\Migrations\\Migrator.php(396): Illuminate\\Database\\Migrations\\Migrator->Illuminate\\Database\\Migrations\\{closure}()
#9 D:\\Projects\\vazhenegar\\Main Project\\vendor\\laravel\\framework\\src\\Illuminate\\Database\\Migrations\\Migrator.php(197): Illuminate\\Database\\Migrations\\Migrator->runMigration(Object(CreateTranslatorMainMenusTable), 'up')
#10 D:\\Projects\\vazhenegar\\Main Project\\vendor\\laravel\\framework\\src\\Illuminate\\Database\\Migrations\\Migrator.php(162): Illuminate\\Database\\Migrations\\Migrator->runUp('D:\\\\Projects\\\\vaz...', 1, false)
#11 D:\\Projects\\vazhenegar\\Main Project\\vendor\\laravel\\framework\\src\\Illuminate\\Database\\Migrations\\Migrator.php(109): Illuminate\\Database\\Migrations\\Migrator->runPending(Array, Array)
#12 D:\\Projects\\vazhenegar\\Main Project\\vendor\\laravel\\framework\\src\\Illuminate\\Database\\Console\\Migrations\\MigrateCommand.php(71): Illuminate\\Database\\Migrations\\Migrator->run(Array, Array)
#13 [internal function]: Illuminate\\Database\\Console\\Migrations\\MigrateCommand->handle()
#14 D:\\Projects\\vazhenegar\\Main Project\\vendor\\laravel\\framework\\src\\Illuminate\\Container\\BoundMethod.php(32): call_user_func_array(Array, Array)
#15 D:\\Projects\\vazhenegar\\Main Project\\vendor\\laravel\\framework\\src\\Illuminate\\Support\\helpers.php(522): Illuminate\\Container\\BoundMethod::Illuminate\\Container\\{closure}()
#16 D:\\Projects\\vazhenegar\\Main Project\\vendor\\laravel\\framework\\src\\Illuminate\\Container\\BoundMethod.php(90): value(Object(Closure))
#17 D:\\Projects\\vazhenegar\\Main Project\\vendor\\laravel\\framework\\src\\Illuminate\\Container\\BoundMethod.php(34): Illuminate\\Container\\BoundMethod::callBoundMethod(Object(Illuminate\\Foundation\\Application), Array, Object(Closure))
#18 D:\\Projects\\vazhenegar\\Main Project\\vendor\\laravel\\framework\\src\\Illuminate\\Container\\Container.php(591): Illuminate\\Container\\BoundMethod::call(Object(Illuminate\\Foundation\\Application), Array, Array, NULL)
#19 D:\\Projects\\vazhenegar\\Main Project\\vendor\\laravel\\framework\\src\\Illuminate\\Console\\Command.php(202): Illuminate\\Container\\Container->call(Array)
#20 D:\\Projects\\vazhenegar\\Main Project\\vendor\\symfony\\console\\Command\\Command.php(255): Illuminate\\Console\\Command->execute(Object(Symfony\\Component\\Console\\Input\\ArrayInput), Object(Illuminate\\Console\\OutputStyle))
#21 D:\\Projects\\vazhenegar\\Main Project\\vendor\\laravel\\framework\\src\\Illuminate\\Console\\Command.php(189): Symfony\\Component\\Console\\Command\\Command->run(Object(Symfony\\Component\\Console\\Input\\ArrayInput), Object(Illuminate\\Console\\OutputStyle))
#22 D:\\Projects\\vazhenegar\\Main Project\\vendor\\laravel\\framework\\src\\Illuminate\\Console\\Command.php(242): Illuminate\\Console\\Command->run(Object(Symfony\\Component\\Console\\Input\\ArrayInput), Object(Illuminate\\Console\\OutputStyle))
#23 D:\\Projects\\vazhenegar\\Main Project\\vendor\\laravel\\framework\\src\\Illuminate\\Console\\Command.php(214): Illuminate\\Console\\Command->runCommand('migrate', Array, Object(Illuminate\\Console\\OutputStyle))
#24 D:\\Projects\\vazhenegar\\Main Project\\vendor\\laravel\\framework\\src\\Illuminate\\Database\\Console\\Migrations\\RefreshCommand.php(60): Illuminate\\Console\\Command->call('migrate', Array)
#25 [internal function]: Illuminate\\Database\\Console\\Migrations\\RefreshCommand->handle()
#26 D:\\Projects\\vazhenegar\\Main Project\\vendor\\laravel\\framework\\src\\Illuminate\\Container\\BoundMethod.php(32): call_user_func_array(Array, Array)
#27 D:\\Projects\\vazhenegar\\Main Project\\vendor\\laravel\\framework\\src\\Illuminate\\Support\\helpers.php(522): Illuminate\\Container\\BoundMethod::Illuminate\\Container\\{closure}()
#28 D:\\Projects\\vazhenegar\\Main Project\\vendor\\laravel\\framework\\src\\Illuminate\\Container\\BoundMethod.php(90): value(Object(Closure))
#29 D:\\Projects\\vazhenegar\\Main Project\\vendor\\laravel\\framework\\src\\Illuminate\\Container\\BoundMethod.php(34): Illuminate\\Container\\BoundMethod::callBoundMethod(Object(Illuminate\\Foundation\\Application), Array, Object(Closure))
#30 D:\\Projects\\vazhenegar\\Main Project\\vendor\\laravel\\framework\\src\\Illuminate\\Container\\Container.php(591): Illuminate\\Container\\BoundMethod::call(Object(Illuminate\\Foundation\\Application), Array, Array, NULL)
#31 D:\\Projects\\vazhenegar\\Main Project\\vendor\\laravel\\framework\\src\\Illuminate\\Console\\Command.php(202): Illuminate\\Container\\Container->call(Array)
#32 D:\\Projects\\vazhenegar\\Main Project\\vendor\\symfony\\console\\Command\\Command.php(255): Illuminate\\Console\\Command->execute(Object(Symfony\\Component\\Console\\Input\\ArgvInput), Object(Illuminate\\Console\\OutputStyle))
#33 D:\\Projects\\vazhenegar\\Main Project\\vendor\\laravel\\framework\\src\\Illuminate\\Console\\Command.php(189): Symfony\\Component\\Console\\Command\\Command->run(Object(Symfony\\Component\\Console\\Input\\ArgvInput), Object(Illuminate\\Console\\OutputStyle))
#34 D:\\Projects\\vazhenegar\\Main Project\\vendor\\symfony\\console\\Application.php(934): Illuminate\\Console\\Command->run(Object(Symfony\\Component\\Console\\Input\\ArgvInput), Object(Symfony\\Component\\Console\\Output\\ConsoleOutput))
#35 D:\\Projects\\vazhenegar\\Main Project\\vendor\\symfony\\console\\Application.php(273): Symfony\\Component\\Console\\Application->doRunCommand(Object(Illuminate\\Database\\Console\\Migrations\\RefreshCommand), Object(Symfony\\Component\\Console\\Input\\ArgvInput), Object(Symfony\\Component\\Console\\Output\\ConsoleOutput))
#36 D:\\Projects\\vazhenegar\\Main Project\\vendor\\symfony\\console\\Application.php(149): Symfony\\Component\\Console\\Application->doRun(Object(Symfony\\Component\\Console\\Input\\ArgvInput), Object(Symfony\\Component\\Console\\Output\\ConsoleOutput))
#37 D:\\Projects\\vazhenegar\\Main Project\\vendor\\laravel\\framework\\src\\Illuminate\\Console\\Application.php(90): Symfony\\Component\\Console\\Application->run(Object(Symfony\\Component\\Console\\Input\\ArgvInput), Object(Symfony\\Component\\Console\\Output\\ConsoleOutput))
#38 D:\\Projects\\vazhenegar\\Main Project\\vendor\\laravel\\framework\\src\\Illuminate\\Foundation\\Console\\Kernel.php(131): Illuminate\\Console\\Application->run(Object(Symfony\\Component\\Console\\Input\\ArgvInput), Object(Symfony\\Component\\Console\\Output\\ConsoleOutput))
#39 D:\\Projects\\vazhenegar\\Main Project\\artisan(37): Illuminate\\Foundation\\Console\\Kernel->handle(Object(Symfony\\Component\\Console\\Input\\ArgvInput), Object(Symfony\\Component\\Console\\Output\\ConsoleOutput))
#40 {main}

[previous exception] [object] (PDOException(code: 42S01): SQLSTATE[42S01]: Base table or view already exists: 1050 Table 'translator_main_menus' already exists at D:\\Projects\\vazhenegar\\Main Project\\vendor\\laravel\\framework\\src\\Illuminate\\Database\\Connection.php:459)
[stacktrace]
#0 D:\\Projects\\vazhenegar\\Main Project\\vendor\\laravel\\framework\\src\\Illuminate\\Database\\Connection.php(459): PDOStatement->execute()
#1 D:\\Projects\\vazhenegar\\Main Project\\vendor\\laravel\\framework\\src\\Illuminate\\Database\\Connection.php(658): Illuminate\\Database\\Connection->Illuminate\\Database\\{closure}('create table `t...', Array)
#2 D:\\Projects\\vazhenegar\\Main Project\\vendor\\laravel\\framework\\src\\Illuminate\\Database\\Connection.php(625): Illuminate\\Database\\Connection->runQueryCallback('create table `t...', Array, Object(Closure))
#3 D:\\Projects\\vazhenegar\\Main Project\\vendor\\laravel\\framework\\src\\Illuminate\\Database\\Connection.php(460): Illuminate\\Database\\Connection->run('create table `t...', Array, Object(Closure))
#4 D:\\Projects\\vazhenegar\\Main Project\\vendor\\laravel\\framework\\src\\Illuminate\\Database\\Schema\\Blueprint.php(97): Illuminate\\Database\\Connection->statement('create table `t...')
#5 D:\\Projects\\vazhenegar\\Main Project\\vendor\\laravel\\framework\\src\\Illuminate\\Database\\Schema\\Builder.php(290): Illuminate\\Database\\Schema\\Blueprint->build(Object(Illuminate\\Database\\MySqlConnection), Object(Illuminate\\Database\\Schema\\Grammars\\MySqlGrammar))
#6 D:\\Projects\\vazhenegar\\Main Project\\vendor\\laravel\\framework\\src\\Illuminate\\Database\\Schema\\Builder.php(167): Illuminate\\Database\\Schema\\Builder->build(Object(Illuminate\\Database\\Schema\\Blueprint))
#7 D:\\Projects\\vazhenegar\\Main Project\\vendor\\laravel\\framework\\src\\Illuminate\\Support\\Facades\\Facade.php(239): Illuminate\\Database\\Schema\\Builder->create('translator_main...', Object(Closure))
#8 D:\\Projects\\vazhenegar\\Main Project\\database\\migrations\\2020_04_05_124733_create__translator__main__menus__table.php(21): Illuminate\\Support\\Facades\\Facade::__callStatic('create', Array)
#9 D:\\Projects\\vazhenegar\\Main Project\\vendor\\laravel\\framework\\src\\Illuminate\\Database\\Migrations\\Migrator.php(387): CreateTranslatorMainMenusTable->up()
#10 D:\\Projects\\vazhenegar\\Main Project\\vendor\\laravel\\framework\\src\\Illuminate\\Database\\Migrations\\Migrator.php(396): Illuminate\\Database\\Migrations\\Migrator->Illuminate\\Database\\Migrations\\{closure}()
#11 D:\\Projects\\vazhenegar\\Main Project\\vendor\\laravel\\framework\\src\\Illuminate\\Database\\Migrations\\Migrator.php(197): Illuminate\\Database\\Migrations\\Migrator->runMigration(Object(CreateTranslatorMainMenusTable), 'up')
#12 D:\\Projects\\vazhenegar\\Main Project\\vendor\\laravel\\framework\\src\\Illuminate\\Database\\Migrations\\Migrator.php(162): Illuminate\\Database\\Migrations\\Migrator->runUp('D:\\\\Projects\\\\vaz...', 1, false)
#13 D:\\Projects\\vazhenegar\\Main Project\\vendor\\laravel\\framework\\src\\Illuminate\\Database\\Migrations\\Migrator.php(109): Illuminate\\Database\\Migrations\\Migrator->runPending(Array, Array)
#14 D:\\Projects\\vazhenegar\\Main Project\\vendor\\laravel\\framework\\src\\Illuminate\\Database\\Console\\Migrations\\MigrateCommand.php(71): Illuminate\\Database\\Migrations\\Migrator->run(Array, Array)
#15 [internal function]: Illuminate\\Database\\Console\\Migrations\\MigrateCommand->handle()
#16 D:\\Projects\\vazhenegar\\Main Project\\vendor\\laravel\\framework\\src\\Illuminate\\Container\\BoundMethod.php(32): call_user_func_array(Array, Array)
#17 D:\\Projects\\vazhenegar\\Main Project\\vendor\\laravel\\framework\\src\\Illuminate\\Support\\helpers.php(522): Illuminate\\Container\\BoundMethod::Illuminate\\Container\\{closure}()
#18 D:\\Projects\\vazhenegar\\Main Project\\vendor\\laravel\\framework\\src\\Illuminate\\Container\\BoundMethod.php(90): value(Object(Closure))
#19 D:\\Projects\\vazhenegar\\Main Project\\vendor\\laravel\\framework\\src\\Illuminate\\Container\\BoundMethod.php(34): Illuminate\\Container\\BoundMethod::callBoundMethod(Object(Illuminate\\Foundation\\Application), Array, Object(Closure))
#20 D:\\Projects\\vazhenegar\\Main Project\\vendor\\laravel\\framework\\src\\Illuminate\\Container\\Container.php(591): Illuminate\\Container\\BoundMethod::call(Object(Illuminate\\Foundation\\Application), Array, Array, NULL)
#21 D:\\Projects\\vazhenegar\\Main Project\\vendor\\laravel\\framework\\src\\Illuminate\\Console\\Command.php(202): Illuminate\\Container\\Container->call(Array)
#22 D:\\Projects\\vazhenegar\\Main Project\\vendor\\symfony\\console\\Command\\Command.php(255): Illuminate\\Console\\Command->execute(Object(Symfony\\Component\\Console\\Input\\ArrayInput), Object(Illuminate\\Console\\OutputStyle))
#23 D:\\Projects\\vazhenegar\\Main Project\\vendor\\laravel\\framework\\src\\Illuminate\\Console\\Command.php(189): Symfony\\Component\\Console\\Command\\Command->run(Object(Symfony\\Component\\Console\\Input\\ArrayInput), Object(Illuminate\\Console\\OutputStyle))
#24 D:\\Projects\\vazhenegar\\Main Project\\vendor\\laravel\\framework\\src\\Illuminate\\Console\\Command.php(242): Illuminate\\Console\\Command->run(Object(Symfony\\Component\\Console\\Input\\ArrayInput), Object(Illuminate\\Console\\OutputStyle))
#25 D:\\Projects\\vazhenegar\\Main Project\\vendor\\laravel\\framework\\src\\Illuminate\\Console\\Command.php(214): Illuminate\\Console\\Command->runCommand('migrate', Array, Object(Illuminate\\Console\\OutputStyle))
#26 D:\\Projects\\vazhenegar\\Main Project\\vendor\\laravel\\framework\\src\\Illuminate\\Database\\Console\\Migrations\\RefreshCommand.php(60): Illuminate\\Console\\Command->call('migrate', Array)
#27 [internal function]: Illuminate\\Database\\Console\\Migrations\\RefreshCommand->handle()
#28 D:\\Projects\\vazhenegar\\Main Project\\vendor\\laravel\\framework\\src\\Illuminate\\Container\\BoundMethod.php(32): call_user_func_array(Array, Array)
#29 D:\\Projects\\vazhenegar\\Main Project\\vendor\\laravel\\framework\\src\\Illuminate\\Support\\helpers.php(522): Illuminate\\Container\\BoundMethod::Illuminate\\Container\\{closure}()
#30 D:\\Projects\\vazhenegar\\Main Project\\vendor\\laravel\\framework\\src\\Illuminate\\Container\\BoundMethod.php(90): value(Object(Closure))
#31 D:\\Projects\\vazhenegar\\Main Project\\vendor\\laravel\\framework\\src\\Illuminate\\Container\\BoundMethod.php(34): Illuminate\\Container\\BoundMethod::callBoundMethod(Object(Illuminate\\Foundation\\Application), Array, Object(Closure))
#32 D:\\Projects\\vazhenegar\\Main Project\\vendor\\laravel\\framework\\src\\Illuminate\\Container\\Container.php(591): Illuminate\\Container\\BoundMethod::call(Object(Illuminate\\Foundation\\Application), Array, Array, NULL)
#33 D:\\Projects\\vazhenegar\\Main Project\\vendor\\laravel\\framework\\src\\Illuminate\\Console\\Command.php(202): Illuminate\\Container\\Container->call(Array)
#34 D:\\Projects\\vazhenegar\\Main Project\\vendor\\symfony\\console\\Command\\Command.php(255): Illuminate\\Console\\Command->execute(Object(Symfony\\Component\\Console\\Input\\ArgvInput), Object(Illuminate\\Console\\OutputStyle))
#35 D:\\Projects\\vazhenegar\\Main Project\\vendor\\laravel\\framework\\src\\Illuminate\\Console\\Command.php(189): Symfony\\Component\\Console\\Command\\Command->run(Object(Symfony\\Component\\Console\\Input\\ArgvInput), Object(Illuminate\\Console\\OutputStyle))
#36 D:\\Projects\\vazhenegar\\Main Project\\vendor\\symfony\\console\\Application.php(934): Illuminate\\Console\\Command->run(Object(Symfony\\Component\\Console\\Input\\ArgvInput), Object(Symfony\\Component\\Console\\Output\\ConsoleOutput))
#37 D:\\Projects\\vazhenegar\\Main Project\\vendor\\symfony\\console\\Application.php(273): Symfony\\Component\\Console\\Application->doRunCommand(Object(Illuminate\\Database\\Console\\Migrations\\RefreshCommand), Object(Symfony\\Component\\Console\\Input\\ArgvInput), Object(Symfony\\Component\\Console\\Output\\ConsoleOutput))
#38 D:\\Projects\\vazhenegar\\Main Project\\vendor\\symfony\\console\\Application.php(149): Symfony\\Component\\Console\\Application->doRun(Object(Symfony\\Component\\Console\\Input\\ArgvInput), Object(Symfony\\Component\\Console\\Output\\ConsoleOutput))
#39 D:\\Projects\\vazhenegar\\Main Project\\vendor\\laravel\\framework\\src\\Illuminate\\Console\\Application.php(90): Symfony\\Component\\Console\\Application->run(Object(Symfony\\Component\\Console\\Input\\ArgvInput), Object(Symfony\\Component\\Console\\Output\\ConsoleOutput))
#40 D:\\Projects\\vazhenegar\\Main Project\\vendor\\laravel\\framework\\src\\Illuminate\\Foundation\\Console\\Kernel.php(131): Illuminate\\Console\\Application->run(Object(Symfony\\Component\\Console\\Input\\ArgvInput), Object(Symfony\\Component\\Console\\Output\\ConsoleOutput))
#41 D:\\Projects\\vazhenegar\\Main Project\\artisan(37): Illuminate\\Foundation\\Console\\Kernel->handle(Object(Symfony\\Component\\Console\\Input\\ArgvInput), Object(Symfony\\Component\\Console\\Output\\ConsoleOutput))
#42 {main}
"} 
[2020-04-10 17:23:03] local.ERROR: There are no commands defined in the "clear" namespace. {"exception":"[object] (Symfony\\Component\\Console\\Exception\\NamespaceNotFoundException(code: 0): There are no commands defined in the \"clear\" namespace. at D:\\Projects\\vazhenegar\\Main Project\\vendor\\symfony\\console\\Application.php:592)
[stacktrace]
#0 D:\\Projects\\vazhenegar\\Main Project\\vendor\\symfony\\console\\Application.php(641): Symfony\\Component\\Console\\Application->findNamespace('clear')
#1 D:\\Projects\\vazhenegar\\Main Project\\vendor\\symfony\\console\\Application.php(237): Symfony\\Component\\Console\\Application->find('clear:cache')
#2 D:\\Projects\\vazhenegar\\Main Project\\vendor\\symfony\\console\\Application.php(149): Symfony\\Component\\Console\\Application->doRun(Object(Symfony\\Component\\Console\\Input\\ArgvInput), Object(Symfony\\Component\\Console\\Output\\ConsoleOutput))
#3 D:\\Projects\\vazhenegar\\Main Project\\vendor\\laravel\\framework\\src\\Illuminate\\Console\\Application.php(90): Symfony\\Component\\Console\\Application->run(Object(Symfony\\Component\\Console\\Input\\ArgvInput), Object(Symfony\\Component\\Console\\Output\\ConsoleOutput))
#4 D:\\Projects\\vazhenegar\\Main Project\\vendor\\laravel\\framework\\src\\Illuminate\\Foundation\\Console\\Kernel.php(131): Illuminate\\Console\\Application->run(Object(Symfony\\Component\\Console\\Input\\ArgvInput), Object(Symfony\\Component\\Console\\Output\\ConsoleOutput))
#5 D:\\Projects\\vazhenegar\\Main Project\\artisan(37): Illuminate\\Foundation\\Console\\Kernel->handle(Object(Symfony\\Component\\Console\\Input\\ArgvInput), Object(Symfony\\Component\\Console\\Output\\ConsoleOutput))
#6 {main}
"} 
[2020-04-10 17:23:19] local.ERROR: Command "route:ccahe" is not defined.

Did you mean one of these?
    route:cache
    route:clear
    route:list {"exception":"[object] (Symfony\\Component\\Console\\Exception\\CommandNotFoundException(code: 0): Command \"route:ccahe\" is not defined.

Did you mean one of these?
    route:cache
    route:clear
    route:list at D:\\Projects\\vazhenegar\\Main Project\\vendor\\symfony\\console\\Application.php:660)
[stacktrace]
#0 D:\\Projects\\vazhenegar\\Main Project\\vendor\\symfony\\console\\Application.php(237): Symfony\\Component\\Console\\Application->find('route:ccahe')
#1 D:\\Projects\\vazhenegar\\Main Project\\vendor\\symfony\\console\\Application.php(149): Symfony\\Component\\Console\\Application->doRun(Object(Symfony\\Component\\Console\\Input\\ArgvInput), Object(Symfony\\Component\\Console\\Output\\ConsoleOutput))
#2 D:\\Projects\\vazhenegar\\Main Project\\vendor\\laravel\\framework\\src\\Illuminate\\Console\\Application.php(90): Symfony\\Component\\Console\\Application->run(Object(Symfony\\Component\\Console\\Input\\ArgvInput), Object(Symfony\\Component\\Console\\Output\\ConsoleOutput))
#3 D:\\Projects\\vazhenegar\\Main Project\\vendor\\laravel\\framework\\src\\Illuminate\\Foundation\\Console\\Kernel.php(131): Illuminate\\Console\\Application->run(Object(Symfony\\Component\\Console\\Input\\ArgvInput), Object(Symfony\\Component\\Console\\Output\\ConsoleOutput))
#4 D:\\Projects\\vazhenegar\\Main Project\\artisan(37): Illuminate\\Foundation\\Console\\Kernel->handle(Object(Symfony\\Component\\Console\\Input\\ArgvInput), Object(Symfony\\Component\\Console\\Output\\ConsoleOutput))
#5 {main}
"} 
[2020-04-10 17:23:23] local.ERROR: Unable to prepare route [api/user] for serialization. Uses Closure. {"exception":"[object] (LogicException(code: 0): Unable to prepare route [api/user] for serialization. Uses Closure. at D:\\Projects\\vazhenegar\\Main Project\\vendor\\laravel\\framework\\src\\Illuminate\\Routing\\Route.php:917)
[stacktrace]
#0 D:\\Projects\\vazhenegar\\Main Project\\vendor\\laravel\\framework\\src\\Illuminate\\Foundation\\Console\\RouteCacheCommand.php(62): Illuminate\\Routing\\Route->prepareForSerialization()
#1 [internal function]: Illuminate\\Foundation\\Console\\RouteCacheCommand->handle()
#2 D:\\Projects\\vazhenegar\\Main Project\\vendor\\laravel\\framework\\src\\Illuminate\\Container\\BoundMethod.php(32): call_user_func_array(Array, Array)
#3 D:\\Projects\\vazhenegar\\Main Project\\vendor\\laravel\\framework\\src\\Illuminate\\Support\\helpers.php(522): Illuminate\\Container\\BoundMethod::Illuminate\\Container\\{closure}()
#4 D:\\Projects\\vazhenegar\\Main Project\\vendor\\laravel\\framework\\src\\Illuminate\\Container\\BoundMethod.php(90): value(Object(Closure))
#5 D:\\Projects\\vazhenegar\\Main Project\\vendor\\laravel\\framework\\src\\Illuminate\\Container\\BoundMethod.php(34): Illuminate\\Container\\BoundMethod::callBoundMethod(Object(Illuminate\\Foundation\\Application), Array, Object(Closure))
#6 D:\\Projects\\vazhenegar\\Main Project\\vendor\\laravel\\framework\\src\\Illuminate\\Container\\Container.php(591): Illuminate\\Container\\BoundMethod::call(Object(Illuminate\\Foundation\\Application), Array, Array, NULL)
#7 D:\\Projects\\vazhenegar\\Main Project\\vendor\\laravel\\framework\\src\\Illuminate\\Console\\Command.php(202): Illuminate\\Container\\Container->call(Array)
#8 D:\\Projects\\vazhenegar\\Main Project\\vendor\\symfony\\console\\Command\\Command.php(255): Illuminate\\Console\\Command->execute(Object(Symfony\\Component\\Console\\Input\\ArgvInput), Object(Illuminate\\Console\\OutputStyle))
#9 D:\\Projects\\vazhenegar\\Main Project\\vendor\\laravel\\framework\\src\\Illuminate\\Console\\Command.php(189): Symfony\\Component\\Console\\Command\\Command->run(Object(Symfony\\Component\\Console\\Input\\ArgvInput), Object(Illuminate\\Console\\OutputStyle))
#10 D:\\Projects\\vazhenegar\\Main Project\\vendor\\symfony\\console\\Application.php(934): Illuminate\\Console\\Command->run(Object(Symfony\\Component\\Console\\Input\\ArgvInput), Object(Symfony\\Component\\Console\\Output\\ConsoleOutput))
#11 D:\\Projects\\vazhenegar\\Main Project\\vendor\\symfony\\console\\Application.php(273): Symfony\\Component\\Console\\Application->doRunCommand(Object(Illuminate\\Foundation\\Console\\RouteCacheCommand), Object(Symfony\\Component\\Console\\Input\\ArgvInput), Object(Symfony\\Component\\Console\\Output\\ConsoleOutput))
#12 D:\\Projects\\vazhenegar\\Main Project\\vendor\\symfony\\console\\Application.php(149): Symfony\\Component\\Console\\Application->doRun(Object(Symfony\\Component\\Console\\Input\\ArgvInput), Object(Symfony\\Component\\Console\\Output\\ConsoleOutput))
#13 D:\\Projects\\vazhenegar\\Main Project\\vendor\\laravel\\framework\\src\\Illuminate\\Console\\Application.php(90): Symfony\\Component\\Console\\Application->run(Object(Symfony\\Component\\Console\\Input\\ArgvInput), Object(Symfony\\Component\\Console\\Output\\ConsoleOutput))
#14 D:\\Projects\\vazhenegar\\Main Project\\vendor\\laravel\\framework\\src\\Illuminate\\Foundation\\Console\\Kernel.php(131): Illuminate\\Console\\Application->run(Object(Symfony\\Component\\Console\\Input\\ArgvInput), Object(Symfony\\Component\\Console\\Output\\ConsoleOutput))
#15 D:\\Projects\\vazhenegar\\Main Project\\artisan(37): Illuminate\\Foundation\\Console\\Kernel->handle(Object(Symfony\\Component\\Console\\Input\\ArgvInput), Object(Symfony\\Component\\Console\\Output\\ConsoleOutput))
#16 {main}
"} 
